2025-12-06 00:08:30,231 - dashboard_data_analyst - INFO - Fichier importé: Tweets.csv (14640 lignes)
2025-12-06 00:08:49,039 - dashboard_data_analyst - INFO - Fichier importé: Tweets.csv (14640 lignes)
2025-12-06 00:08:57,678 - dashboard_data_analyst - INFO - Fichier importé: Tweets.csv (14640 lignes)
2025-12-06 00:08:58,029 - dashboard_data_analyst - ERROR - Erreur détection faux avis: Duplicate column names found: ['Avis', 'Avis', 'sentiment']
2025-12-06 00:09:17,989 - dashboard_data_analyst - INFO - Fichier importé: Tweets.csv (14640 lignes)
2025-12-06 00:09:43,982 - dashboard_data_analyst - INFO - Fichier importé: Tweets.csv (14640 lignes)
2025-12-06 00:09:57,502 - dashboard_data_analyst - INFO - Fichier importé: Tweets.csv (14640 lignes)
2025-12-06 00:10:01,803 - dashboard_data_analyst - INFO - Fichier importé: Tweets.csv (14640 lignes)
2025-12-06 00:10:02,195 - dashboard_data_analyst - INFO - Fichier importé: Tweets.csv (14640 lignes)
2025-12-06 00:10:05,860 - dashboard_data_analyst - INFO - Fichier importé: Tweets.csv (14640 lignes)
2025-12-06 00:10:07,939 - dashboard_data_analyst - INFO - Fichier importé: Tweets.csv (14640 lignes)
2025-12-06 00:10:08,274 - dashboard_data_analyst - INFO - Fichier importé: Tweets.csv (14640 lignes)
2025-12-06 00:10:11,930 - dashboard_data_analyst - INFO - Fichier importé: Tweets.csv (14640 lignes)
2025-12-06 00:10:12,263 - dashboard_data_analyst - INFO - Fichier importé: Tweets.csv (14640 lignes)
2025-12-06 00:10:30,548 - dashboard_data_analyst - INFO - Fichier importé: Tweets.csv (14640 lignes)
2025-12-06 00:10:30,838 - dashboard_data_analyst - INFO - Fichier importé: Tweets.csv (14640 lignes)
2025-12-06 00:10:32,978 - dashboard_data_analyst - INFO - Fichier importé: Tweets.csv (14640 lignes)
2025-12-06 00:10:33,388 - dashboard_data_analyst - INFO - Fichier importé: Tweets.csv (14640 lignes)
2025-12-06 00:10:35,920 - dashboard_data_analyst - INFO - Fichier importé: Tweets.csv (14640 lignes)
2025-12-06 00:10:36,302 - dashboard_data_analyst - INFO - Fichier importé: Tweets.csv (14640 lignes)
2025-12-06 00:10:37,357 - dashboard_data_analyst - INFO - Fichier importé: Tweets.csv (14640 lignes)
2025-12-06 00:10:37,980 - dashboard_data_analyst - INFO - Fichier importé: Tweets.csv (14640 lignes)
2025-12-06 00:10:47,236 - dashboard_data_analyst - INFO - Fichier importé: Tweets.csv (14640 lignes)
2025-12-06 00:10:47,578 - dashboard_data_analyst - INFO - Fichier importé: Tweets.csv (14640 lignes)
2025-12-06 00:10:53,892 - dashboard_data_analyst - INFO - Fichier importé: Tweets.csv (14640 lignes)
2025-12-06 00:10:56,619 - dashboard_data_analyst - INFO - Fichier importé: Tweets.csv (14640 lignes)
2025-12-06 00:11:06,992 - dashboard_data_analyst - ERROR - Erreur dans le dashboard: No module named 'openpyxl'
Traceback (most recent call last):
  File "C:\Users\ADMIN PC\Documents\Mémoire master\modèle\dashboard_data_analyst.py", line 1090, in show_analyst_dashboard
    render_person_identification_advanced()
    ~~~~~~~~~~~~~~~~~~~~~~~~~~~~~~~~~~~~~^^
  File "C:\Users\ADMIN PC\Documents\Mémoire master\modèle\dashboard_data_analyst.py", line 1637, in render_person_identification_advanced
    display_report_generation(data, name_col)
    ~~~~~~~~~~~~~~~~~~~~~~~~~^^^^^^^^^^^^^^^^
  File "C:\Users\ADMIN PC\Documents\Mémoire master\modèle\dashboard_data_analyst.py", line 1932, in display_report_generation
    with pd.ExcelWriter(excel_buffer, engine='openpyxl') as writer:
         ~~~~~~~~~~~~~~^^^^^^^^^^^^^^^^^^^^^^^^^^^^^^^^^
  File "C:\Users\ADMIN PC\AppData\Local\Programs\Python\Python313\Lib\site-packages\pandas\io\excel\_openpyxl.py", line 57, in __init__
    from openpyxl.workbook import Workbook
ModuleNotFoundError: No module named 'openpyxl'
2025-12-06 00:12:09,083 - dashboard_data_analyst - INFO - Fichier importé: Tweets.csv (14640 lignes)
2025-12-06 00:12:09,104 - dashboard_data_analyst - INFO - Déconnexion: Binta
2025-12-06 00:12:30,419 - dashboard_admin - INFO - Admin Action: {"timestamp": "2025-12-06T00:12:30.419177", "admin": "faa", "action": "DATA_IMPORT", "target": "Tweets.csv", "details": {"rows": 14640, "columns": ["tweet_id", "airline_sentiment", "airline_sentiment_confidence", "negativereason", "negativereason_confidence", "airline", "airline_sentiment_gold", "name", "negativereason_gold", "retweet_count", "text", "tweet_coord", "tweet_created", "tweet_location", "user_timezone"]}}
2025-12-06 00:12:39,256 - dashboard_admin - INFO - Admin Action: {"timestamp": "2025-12-06T00:12:38.847805", "admin": "faa", "action": "DATA_IMPORT", "target": "Tweets.csv", "details": {"rows": 14640, "columns": ["tweet_id", "airline_sentiment", "airline_sentiment_confidence", "negativereason", "negativereason_confidence", "airline", "airline_sentiment_gold", "name", "negativereason_gold", "retweet_count", "text", "tweet_coord", "tweet_created", "tweet_location", "user_timezone"]}}
2025-12-06 00:12:41,540 - dashboard_admin - INFO - Admin Action: {"timestamp": "2025-12-06T00:12:41.540589", "admin": "faa", "action": "DATA_IMPORT", "target": "Tweets.csv", "details": {"rows": 14640, "columns": ["tweet_id", "airline_sentiment", "airline_sentiment_confidence", "negativereason", "negativereason_confidence", "airline", "airline_sentiment_gold", "name", "negativereason_gold", "retweet_count", "text", "tweet_coord", "tweet_created", "tweet_location", "user_timezone"]}}
2025-12-06 00:12:50,707 - dashboard_admin - INFO - Admin Action: {"timestamp": "2025-12-06T00:12:50.707552", "admin": "faa", "action": "DATA_IMPORT", "target": "Tweets.csv", "details": {"rows": 14640, "columns": ["tweet_id", "airline_sentiment", "airline_sentiment_confidence", "negativereason", "negativereason_confidence", "airline", "airline_sentiment_gold", "name", "negativereason_gold", "retweet_count", "text", "tweet_coord", "tweet_created", "tweet_location", "user_timezone"]}}
2025-12-06 00:12:57,848 - dashboard_admin - INFO - Admin Action: {"timestamp": "2025-12-06T00:12:57.848337", "admin": "faa", "action": "DATA_IMPORT", "target": "Tweets.csv", "details": {"rows": 14640, "columns": ["tweet_id", "airline_sentiment", "airline_sentiment_confidence", "negativereason", "negativereason_confidence", "airline", "airline_sentiment_gold", "name", "negativereason_gold", "retweet_count", "text", "tweet_coord", "tweet_created", "tweet_location", "user_timezone"]}}
2025-12-06 00:13:05,136 - dashboard_admin - INFO - Admin Action: {"timestamp": "2025-12-06T00:13:05.136928", "admin": "faa", "action": "DATA_IMPORT", "target": "Tweets.csv", "details": {"rows": 14640, "columns": ["tweet_id", "airline_sentiment", "airline_sentiment_confidence", "negativereason", "negativereason_confidence", "airline", "airline_sentiment_gold", "name", "negativereason_gold", "retweet_count", "text", "tweet_coord", "tweet_created", "tweet_location", "user_timezone"]}}
2025-12-06 00:13:10,432 - dashboard_admin - INFO - Admin Action: {"timestamp": "2025-12-06T00:13:10.432206", "admin": "faa", "action": "DATA_IMPORT", "target": "Tweets.csv", "details": {"rows": 14640, "columns": ["tweet_id", "airline_sentiment", "airline_sentiment_confidence", "negativereason", "negativereason_confidence", "airline", "airline_sentiment_gold", "name", "negativereason_gold", "retweet_count", "text", "tweet_coord", "tweet_created", "tweet_location", "user_timezone"]}}
2025-12-06 00:13:15,871 - dashboard_admin - INFO - Admin Action: {"timestamp": "2025-12-06T00:13:15.871688", "admin": "faa", "action": "DATA_IMPORT", "target": "Tweets.csv", "details": {"rows": 14640, "columns": ["tweet_id", "airline_sentiment", "airline_sentiment_confidence", "negativereason", "negativereason_confidence", "airline", "airline_sentiment_gold", "name", "negativereason_gold", "retweet_count", "text", "tweet_coord", "tweet_created", "tweet_location", "user_timezone"]}}
2025-12-06 00:13:23,391 - dashboard_admin - INFO - Admin Action: {"timestamp": "2025-12-06T00:13:23.391327", "admin": "faa", "action": "DATA_IMPORT", "target": "Tweets.csv", "details": {"rows": 14640, "columns": ["tweet_id", "airline_sentiment", "airline_sentiment_confidence", "negativereason", "negativereason_confidence", "airline", "airline_sentiment_gold", "name", "negativereason_gold", "retweet_count", "text", "tweet_coord", "tweet_created", "tweet_location", "user_timezone"]}}
2025-12-06 00:13:29,152 - dashboard_admin - INFO - Admin Action: {"timestamp": "2025-12-06T00:13:29.152248", "admin": "faa", "action": "DATA_IMPORT", "target": "Tweets.csv", "details": {"rows": 14640, "columns": ["tweet_id", "airline_sentiment", "airline_sentiment_confidence", "negativereason", "negativereason_confidence", "airline", "airline_sentiment_gold", "name", "negativereason_gold", "retweet_count", "text", "tweet_coord", "tweet_created", "tweet_location", "user_timezone"]}}
2025-12-06 00:13:35,682 - dashboard_admin - INFO - Admin Action: {"timestamp": "2025-12-06T00:13:35.682399", "admin": "faa", "action": "DATA_IMPORT", "target": "Tweets.csv", "details": {"rows": 14640, "columns": ["tweet_id", "airline_sentiment", "airline_sentiment_confidence", "negativereason", "negativereason_confidence", "airline", "airline_sentiment_gold", "name", "negativereason_gold", "retweet_count", "text", "tweet_coord", "tweet_created", "tweet_location", "user_timezone"]}}
2025-12-06 00:13:41,457 - dashboard_admin - INFO - Admin Action: {"timestamp": "2025-12-06T00:13:41.457524", "admin": "faa", "action": "DATA_IMPORT", "target": "Tweets.csv", "details": {"rows": 14640, "columns": ["tweet_id", "airline_sentiment", "airline_sentiment_confidence", "negativereason", "negativereason_confidence", "airline", "airline_sentiment_gold", "name", "negativereason_gold", "retweet_count", "text", "tweet_coord", "tweet_created", "tweet_location", "user_timezone"]}}
2025-12-06 00:13:48,175 - dashboard_admin - INFO - Admin Action: {"timestamp": "2025-12-06T00:13:48.175035", "admin": "faa", "action": "DATA_IMPORT", "target": "Tweets.csv", "details": {"rows": 14640, "columns": ["tweet_id", "airline_sentiment", "airline_sentiment_confidence", "negativereason", "negativereason_confidence", "airline", "airline_sentiment_gold", "name", "negativereason_gold", "retweet_count", "text", "tweet_coord", "tweet_created", "tweet_location", "user_timezone"]}}
2025-12-06 00:13:48,189 - dashboard_admin - ERROR - Erreur dans le dashboard: Can only use .str accessor with string values!
Traceback (most recent call last):
  File "C:\Users\ADMIN PC\Documents\Mémoire master\modèle\dashboard_admin.py", line 963, in show_admin_dashboard
    render_identification_page()
    ~~~~~~~~~~~~~~~~~~~~~~~~~~^^
  File "C:\Users\ADMIN PC\Documents\Mémoire master\modèle\dashboard_admin.py", line 785, in render_identification_page
    results = data[data[name_col].str.contains(search_term, case=False, na=False)]
                   ^^^^^^^^^^^^^^^^^^
  File "C:\Users\ADMIN PC\AppData\Local\Programs\Python\Python313\Lib\site-packages\pandas\core\generic.py", line 6318, in __getattr__
    return object.__getattribute__(self, name)
           ~~~~~~~~~~~~~~~~~~~~~~~^^^^^^^^^^^^
  File "C:\Users\ADMIN PC\AppData\Local\Programs\Python\Python313\Lib\site-packages\pandas\core\accessor.py", line 224, in __get__
    accessor_obj = self._accessor(obj)
  File "C:\Users\ADMIN PC\AppData\Local\Programs\Python\Python313\Lib\site-packages\pandas\core\strings\accessor.py", line 194, in __init__
    self._inferred_dtype = self._validate(data)
                           ~~~~~~~~~~~~~~^^^^^^
  File "C:\Users\ADMIN PC\AppData\Local\Programs\Python\Python313\Lib\site-packages\pandas\core\strings\accessor.py", line 248, in _validate
    raise AttributeError("Can only use .str accessor with string values!")
AttributeError: Can only use .str accessor with string values!. Did you mean: 'std'?
2025-12-06 00:13:48,370 - dashboard_admin - INFO - Admin Action: {"timestamp": "2025-12-06T00:13:48.370517", "admin": "faa", "action": "DATA_IMPORT", "target": "Tweets.csv", "details": {"rows": 14640, "columns": ["tweet_id", "airline_sentiment", "airline_sentiment_confidence", "negativereason", "negativereason_confidence", "airline", "airline_sentiment_gold", "name", "negativereason_gold", "retweet_count", "text", "tweet_coord", "tweet_created", "tweet_location", "user_timezone"]}}
2025-12-06 00:13:48,564 - dashboard_admin - ERROR - Erreur dans le dashboard: Can only use .str accessor with string values!
Traceback (most recent call last):
  File "C:\Users\ADMIN PC\Documents\Mémoire master\modèle\dashboard_admin.py", line 963, in show_admin_dashboard
    render_identification_page()
    ~~~~~~~~~~~~~~~~~~~~~~~~~~^^
  File "C:\Users\ADMIN PC\Documents\Mémoire master\modèle\dashboard_admin.py", line 785, in render_identification_page
    results = data[data[name_col].str.contains(search_term, case=False, na=False)]
                   ^^^^^^^^^^^^^^^^^^
  File "C:\Users\ADMIN PC\AppData\Local\Programs\Python\Python313\Lib\site-packages\pandas\core\generic.py", line 6318, in __getattr__
    return object.__getattribute__(self, name)
           ~~~~~~~~~~~~~~~~~~~~~~~^^^^^^^^^^^^
  File "C:\Users\ADMIN PC\AppData\Local\Programs\Python\Python313\Lib\site-packages\pandas\core\accessor.py", line 224, in __get__
    accessor_obj = self._accessor(obj)
  File "C:\Users\ADMIN PC\AppData\Local\Programs\Python\Python313\Lib\site-packages\pandas\core\strings\accessor.py", line 194, in __init__
    self._inferred_dtype = self._validate(data)
                           ~~~~~~~~~~~~~~^^^^^^
  File "C:\Users\ADMIN PC\AppData\Local\Programs\Python\Python313\Lib\site-packages\pandas\core\strings\accessor.py", line 248, in _validate
    raise AttributeError("Can only use .str accessor with string values!")
AttributeError: Can only use .str accessor with string values!. Did you mean: 'std'?
2025-12-06 00:13:58,639 - dashboard_admin - INFO - Admin Action: {"timestamp": "2025-12-06T00:13:58.639649", "admin": "faa", "action": "DATA_IMPORT", "target": "Tweets.csv", "details": {"rows": 14640, "columns": ["tweet_id", "airline_sentiment", "airline_sentiment_confidence", "negativereason", "negativereason_confidence", "airline", "airline_sentiment_gold", "name", "negativereason_gold", "retweet_count", "text", "tweet_coord", "tweet_created", "tweet_location", "user_timezone"]}}
2025-12-06 00:14:00,643 - dashboard_admin - INFO - Admin Action: {"timestamp": "2025-12-06T00:14:00.643268", "admin": "faa", "action": "DATA_IMPORT", "target": "Tweets.csv", "details": {"rows": 14640, "columns": ["tweet_id", "airline_sentiment", "airline_sentiment_confidence", "negativereason", "negativereason_confidence", "airline", "airline_sentiment_gold", "name", "negativereason_gold", "retweet_count", "text", "tweet_coord", "tweet_created", "tweet_location", "user_timezone"]}}
2025-12-06 00:14:05,272 - dashboard_admin - INFO - Admin Action: {"timestamp": "2025-12-06T00:14:05.272823", "admin": "faa", "action": "DATA_IMPORT", "target": "Tweets.csv", "details": {"rows": 14640, "columns": ["tweet_id", "airline_sentiment", "airline_sentiment_confidence", "negativereason", "negativereason_confidence", "airline", "airline_sentiment_gold", "name", "negativereason_gold", "retweet_count", "text", "tweet_coord", "tweet_created", "tweet_location", "user_timezone"]}}
2025-12-06 00:14:15,030 - dashboard_admin - INFO - Admin Action: {"timestamp": "2025-12-06T00:14:15.030518", "admin": "faa", "action": "DATA_IMPORT", "target": "Tweets.csv", "details": {"rows": 14640, "columns": ["tweet_id", "airline_sentiment", "airline_sentiment_confidence", "negativereason", "negativereason_confidence", "airline", "airline_sentiment_gold", "name", "negativereason_gold", "retweet_count", "text", "tweet_coord", "tweet_created", "tweet_location", "user_timezone"]}}
2025-12-06 00:14:18,820 - dashboard_admin - INFO - Admin Action: {"timestamp": "2025-12-06T00:14:18.820827", "admin": "faa", "action": "DATA_IMPORT", "target": "Tweets.csv", "details": {"rows": 14640, "columns": ["tweet_id", "airline_sentiment", "airline_sentiment_confidence", "negativereason", "negativereason_confidence", "airline", "airline_sentiment_gold", "name", "negativereason_gold", "retweet_count", "text", "tweet_coord", "tweet_created", "tweet_location", "user_timezone"]}}
2025-12-06 00:14:38,120 - dashboard_admin - INFO - Admin Action: {"timestamp": "2025-12-06T00:14:38.120341", "admin": "faa", "action": "DATA_IMPORT", "target": "Tweets.csv", "details": {"rows": 14640, "columns": ["tweet_id", "airline_sentiment", "airline_sentiment_confidence", "negativereason", "negativereason_confidence", "airline", "airline_sentiment_gold", "name", "negativereason_gold", "retweet_count", "text", "tweet_coord", "tweet_created", "tweet_location", "user_timezone"]}}
2025-12-06 00:14:38,128 - dashboard_admin - INFO - Admin Action: {"timestamp": "2025-12-06T00:14:38.128219", "admin": "faa", "action": "LOGOUT", "target": "faa", "details": {}}
2025-12-06 00:15:09,283 - dashboard_data_analyst - INFO - Déconnexion: Binta
2025-12-06 00:15:49,874 - dashboard_manager_marketing - INFO - Données marketing importées: youtubeSpamCollection.csv
2025-12-06 00:15:53,281 - dashboard_manager_marketing - INFO - Données marketing importées: youtubeSpamCollection.csv
2025-12-06 00:15:53,409 - dashboard_manager_marketing - ERROR - Erreur dans le dashboard marketing: There are multiple `plotly_chart` elements with the same auto-generated ID. When this element is created, it is assigned an internal ID based on the element type and provided parameters. Multiple elements with the same type and parameters will cause this error.

To fix this error, please pass a unique `key` argument to the `plotly_chart` element.
Traceback (most recent call last):
  File "C:\Users\ADMIN PC\Documents\Mémoire master\modèle\dashboard_manager_marketing.py", line 1831, in show_marketing_dashboard
    render_insights_page()
    ~~~~~~~~~~~~~~~~~~~~^^
  File "C:\Users\ADMIN PC\Documents\Mémoire master\modèle\dashboard_manager_marketing.py", line 1042, in render_insights_page
    display_aim_insights(data, text_col, client_col)
    ~~~~~~~~~~~~~~~~~~~~^^^^^^^^^^^^^^^^^^^^^^^^^^^^
  File "C:\Users\ADMIN PC\Documents\Mémoire master\modèle\dashboard_manager_marketing.py", line 1104, in display_aim_insights
    st.plotly_chart(fig, use_container_width=True)
    ~~~~~~~~~~~~~~~^^^^^^^^^^^^^^^^^^^^^^^^^^^^^^^
  File "C:\Users\ADMIN PC\AppData\Local\Programs\Python\Python313\Lib\site-packages\streamlit\runtime\metrics_util.py", line 444, in wrapped_func
    result = non_optional_func(*args, **kwargs)
  File "C:\Users\ADMIN PC\AppData\Local\Programs\Python\Python313\Lib\site-packages\streamlit\elements\plotly_chart.py", line 509, in plotly_chart
    plotly_chart_proto.id = compute_and_register_element_id(
                            ~~~~~~~~~~~~~~~~~~~~~~~~~~~~~~~^
        "plotly_chart",
        ^^^^^^^^^^^^^^^
    ...<7 lines>...
        use_container_width=use_container_width,
        ^^^^^^^^^^^^^^^^^^^^^^^^^^^^^^^^^^^^^^^^
    )
    ^
  File "C:\Users\ADMIN PC\AppData\Local\Programs\Python\Python313\Lib\site-packages\streamlit\elements\lib\utils.py", line 239, in compute_and_register_element_id
    _register_element_id(ctx, element_type, element_id)
    ~~~~~~~~~~~~~~~~~~~~^^^^^^^^^^^^^^^^^^^^^^^^^^^^^^^
  File "C:\Users\ADMIN PC\AppData\Local\Programs\Python\Python313\Lib\site-packages\streamlit\elements\lib\utils.py", line 145, in _register_element_id
    raise StreamlitDuplicateElementId(element_type)
streamlit.errors.StreamlitDuplicateElementId: There are multiple `plotly_chart` elements with the same auto-generated ID. When this element is created, it is assigned an internal ID based on the element type and provided parameters. Multiple elements with the same type and parameters will cause this error.

To fix this error, please pass a unique `key` argument to the `plotly_chart` element.
2025-12-06 00:16:05,034 - dashboard_manager_marketing - INFO - Données marketing importées: youtubeSpamCollection.csv
2025-12-06 00:16:11,845 - dashboard_manager_marketing - INFO - Données marketing importées: youtubeSpamCollection.csv
2025-12-06 00:16:17,177 - dashboard_manager_marketing - INFO - Données marketing importées: youtubeSpamCollection.csv
2025-12-06 00:16:23,403 - dashboard_manager_marketing - INFO - Données marketing importées: youtubeSpamCollection.csv
2025-12-06 00:16:27,471 - dashboard_manager_marketing - INFO - Données marketing importées: youtubeSpamCollection.csv
2025-12-06 00:16:35,927 - dashboard_manager_marketing - INFO - Données marketing importées: youtubeSpamCollection.csv
2025-12-06 00:16:35,939 - dashboard_manager_marketing - INFO - Déconnexion marketing: fatima sarr
2025-12-07 03:29:20,040 - dashboard_data_analyst - INFO - Fichier importé: youtubeSpamCollection.csv (1956 lignes)
2025-12-07 03:29:26,675 - dashboard_data_analyst - INFO - Fichier importé: youtubeSpamCollection.csv (1956 lignes)
2025-12-07 03:29:29,348 - dashboard_data_analyst - INFO - Fichier importé: youtubeSpamCollection.csv (1956 lignes)
2025-12-07 03:29:38,792 - dashboard_data_analyst - INFO - Fichier importé: youtubeSpamCollection.csv (1956 lignes)
2025-12-07 03:29:39,816 - dashboard_data_analyst - ERROR - Erreur détection faux avis: Duplicate column names found: ['Avis', 'Avis', 'sentiment']
2025-12-07 03:34:17,742 - dashboard_data_analyst - INFO - Fichier importé: results_AIM_negative.csv (85 lignes)
2025-12-07 03:34:24,690 - dashboard_data_analyst - INFO - Fichier importé: results_AIM_negative.csv (85 lignes)
2025-12-07 03:34:26,771 - dashboard_data_analyst - INFO - Fichier importé: results_AIM_negative.csv (85 lignes)
2025-12-07 03:34:35,501 - dashboard_data_analyst - INFO - Fichier importé: results_AIM_negative.csv (85 lignes)
2025-12-07 03:34:35,663 - dashboard_data_analyst - ERROR - Erreur détection faux avis: Duplicate column names found: ['Avis', 'Avis', 'Sentiment']
2025-12-07 03:36:13,996 - dashboard_data_analyst - INFO - Fichier importé: youtubeSpamCollection.csv (1956 lignes)
2025-12-07 03:36:19,942 - dashboard_data_analyst - INFO - Fichier importé: youtubeSpamCollection.csv (1956 lignes)
2025-12-07 03:36:21,659 - dashboard_data_analyst - INFO - Fichier importé: youtubeSpamCollection.csv (1956 lignes)
2025-12-07 03:36:29,019 - dashboard_data_analyst - INFO - Fichier importé: youtubeSpamCollection.csv (1956 lignes)
2025-12-07 03:36:40,714 - dashboard_data_analyst - INFO - Fichier importé: youtubeSpamCollection.csv (1956 lignes)
2025-12-07 03:36:46,345 - dashboard_data_analyst - INFO - Fichier importé: youtubeSpamCollection.csv (1956 lignes)
2025-12-07 03:36:57,443 - dashboard_data_analyst - INFO - Fichier importé: youtubeSpamCollection.csv (1956 lignes)
2025-12-07 03:37:06,574 - dashboard_data_analyst - INFO - Fichier importé: youtubeSpamCollection.csv (1956 lignes)
2025-12-07 03:37:06,699 - dashboard_data_analyst - INFO - Fichier importé: youtubeSpamCollection.csv (1956 lignes)
2025-12-07 03:37:17,072 - dashboard_data_analyst - INFO - Fichier importé: youtubeSpamCollection.csv (1956 lignes)
2025-12-07 03:37:17,179 - dashboard_data_analyst - INFO - Fichier importé: youtubeSpamCollection.csv (1956 lignes)
2025-12-07 03:37:19,771 - dashboard_data_analyst - INFO - Fichier importé: youtubeSpamCollection.csv (1956 lignes)
2025-12-07 03:37:19,923 - dashboard_data_analyst - INFO - Fichier importé: youtubeSpamCollection.csv (1956 lignes)
2025-12-07 03:39:34,924 - dashboard_data_analyst - INFO - Fichier importé: youtubeSpamCollection.csv (1956 lignes)
2025-12-07 03:39:37,367 - dashboard_data_analyst - INFO - Fichier importé: youtubeSpamCollection.csv (1956 lignes)
2025-12-07 03:40:08,842 - dashboard_data_analyst - INFO - Fichier importé: youtubeSpamCollection.csv (1956 lignes)
2025-12-07 03:40:08,853 - dashboard_data_analyst - INFO - Déconnexion: Binta
2025-12-07 03:40:45,132 - dashboard_manager_marketing - INFO - Données marketing importées: Tweets.csv
2025-12-07 03:44:52,249 - dashboard_manager_marketing - INFO - Données marketing importées: Tweets.csv
2025-12-07 03:44:52,280 - dashboard_manager_marketing - INFO - Déconnexion marketing: fatima sarr
2025-12-07 03:45:18,648 - dashboard_admin - INFO - Admin Action: {"timestamp": "2025-12-07T03:45:18.648275", "admin": "faa", "action": "DATA_IMPORT", "target": "youtubeSpamCollection.csv", "details": {"rows": 1956, "columns": ["COMMENT_ID", "AUTHOR", "DATE", "CONTENT", "CLASS"]}}
2025-12-07 03:45:25,098 - dashboard_admin - INFO - Admin Action: {"timestamp": "2025-12-07T03:45:25.098316", "admin": "faa", "action": "DATA_IMPORT", "target": "youtubeSpamCollection.csv", "details": {"rows": 1956, "columns": ["COMMENT_ID", "AUTHOR", "DATE", "CONTENT", "CLASS"]}}
2025-12-07 03:45:32,794 - dashboard_admin - INFO - Admin Action: {"timestamp": "2025-12-07T03:45:32.794210", "admin": "faa", "action": "DATA_IMPORT", "target": "youtubeSpamCollection.csv", "details": {"rows": 1956, "columns": ["COMMENT_ID", "AUTHOR", "DATE", "CONTENT", "CLASS"]}}
2025-12-07 03:45:34,701 - dashboard_admin - INFO - Admin Action: {"timestamp": "2025-12-07T03:45:34.701318", "admin": "faa", "action": "DATA_IMPORT", "target": "youtubeSpamCollection.csv", "details": {"rows": 1956, "columns": ["COMMENT_ID", "AUTHOR", "DATE", "CONTENT", "CLASS"]}}
2025-12-07 03:45:42,483 - dashboard_admin - INFO - Admin Action: {"timestamp": "2025-12-07T03:45:42.483463", "admin": "faa", "action": "DATA_IMPORT", "target": "youtubeSpamCollection.csv", "details": {"rows": 1956, "columns": ["COMMENT_ID", "AUTHOR", "DATE", "CONTENT", "CLASS"]}}
2025-12-07 03:45:45,027 - dashboard_admin - INFO - Admin Action: {"timestamp": "2025-12-07T03:45:45.027796", "admin": "faa", "action": "DATA_IMPORT", "target": "youtubeSpamCollection.csv", "details": {"rows": 1956, "columns": ["COMMENT_ID", "AUTHOR", "DATE", "CONTENT", "CLASS"]}}
2025-12-07 04:31:47,283 - DashboardAdmin - INFO - dashboard_admin:399 - {"timestamp": "2025-12-07T04:31:47.283776", "session_id": "Unknown", "user": "faa", "action": "DATA_IMPORT", "target": "Tweets.csv", "details": {"rows": 14640, "columns": ["tweet_id", "airline_sentiment", "airline_sentiment_confidence", "negativereason", "negativereason_confidence", "airline", "airline_sentiment_gold", "name", "negativereason_gold", "retweet_count", "text", "tweet_coord", "tweet_created", "tweet_location", "user_timezone"], "size_mb": 3.2629308700561523}, "context": {"page": "fake_reviews", "user_agent": "unknown"}}
2025-12-07 04:31:47,283 - DashboardAdmin - INFO - dashboard_admin:399 - {"timestamp": "2025-12-07T04:31:47.283776", "session_id": "Unknown", "user": "faa", "action": "DATA_IMPORT", "target": "Tweets.csv", "details": {"rows": 14640, "columns": ["tweet_id", "airline_sentiment", "airline_sentiment_confidence", "negativereason", "negativereason_confidence", "airline", "airline_sentiment_gold", "name", "negativereason_gold", "retweet_count", "text", "tweet_coord", "tweet_created", "tweet_location", "user_timezone"], "size_mb": 3.2629308700561523}, "context": {"page": "fake_reviews", "user_agent": "unknown"}}
2025-12-07 04:31:47,283 - DashboardAdmin - INFO - dashboard_admin:399 - {"timestamp": "2025-12-07T04:31:47.283776", "session_id": "Unknown", "user": "faa", "action": "DATA_IMPORT", "target": "Tweets.csv", "details": {"rows": 14640, "columns": ["tweet_id", "airline_sentiment", "airline_sentiment_confidence", "negativereason", "negativereason_confidence", "airline", "airline_sentiment_gold", "name", "negativereason_gold", "retweet_count", "text", "tweet_coord", "tweet_created", "tweet_location", "user_timezone"], "size_mb": 3.2629308700561523}, "context": {"page": "fake_reviews", "user_agent": "unknown"}}
2025-12-07 04:31:47,283 - DashboardAdmin - INFO - dashboard_admin:399 - {"timestamp": "2025-12-07T04:31:47.283776", "session_id": "Unknown", "user": "faa", "action": "DATA_IMPORT", "target": "Tweets.csv", "details": {"rows": 14640, "columns": ["tweet_id", "airline_sentiment", "airline_sentiment_confidence", "negativereason", "negativereason_confidence", "airline", "airline_sentiment_gold", "name", "negativereason_gold", "retweet_count", "text", "tweet_coord", "tweet_created", "tweet_location", "user_timezone"], "size_mb": 3.2629308700561523}, "context": {"page": "fake_reviews", "user_agent": "unknown"}}
2025-12-07 04:31:47,283 - DashboardAdmin - INFO - dashboard_admin:399 - {"timestamp": "2025-12-07T04:31:47.283776", "session_id": "Unknown", "user": "faa", "action": "DATA_IMPORT", "target": "Tweets.csv", "details": {"rows": 14640, "columns": ["tweet_id", "airline_sentiment", "airline_sentiment_confidence", "negativereason", "negativereason_confidence", "airline", "airline_sentiment_gold", "name", "negativereason_gold", "retweet_count", "text", "tweet_coord", "tweet_created", "tweet_location", "user_timezone"], "size_mb": 3.2629308700561523}, "context": {"page": "fake_reviews", "user_agent": "unknown"}}
2025-12-07 04:31:47,283 - DashboardAdmin - INFO - dashboard_admin:399 - {"timestamp": "2025-12-07T04:31:47.283776", "session_id": "Unknown", "user": "faa", "action": "DATA_IMPORT", "target": "Tweets.csv", "details": {"rows": 14640, "columns": ["tweet_id", "airline_sentiment", "airline_sentiment_confidence", "negativereason", "negativereason_confidence", "airline", "airline_sentiment_gold", "name", "negativereason_gold", "retweet_count", "text", "tweet_coord", "tweet_created", "tweet_location", "user_timezone"], "size_mb": 3.2629308700561523}, "context": {"page": "fake_reviews", "user_agent": "unknown"}}
2025-12-07 04:31:50,654 - DashboardAdmin - INFO - dashboard_admin:399 - {"timestamp": "2025-12-07T04:31:50.654035", "session_id": "Unknown", "user": "faa", "action": "DATA_IMPORT", "target": "Tweets.csv", "details": {"rows": 14640, "columns": ["tweet_id", "airline_sentiment", "airline_sentiment_confidence", "negativereason", "negativereason_confidence", "airline", "airline_sentiment_gold", "name", "negativereason_gold", "retweet_count", "text", "tweet_coord", "tweet_created", "tweet_location", "user_timezone"], "size_mb": 3.2629308700561523}, "context": {"page": "fake_reviews", "user_agent": "unknown"}}
2025-12-07 04:31:50,654 - DashboardAdmin - INFO - dashboard_admin:399 - {"timestamp": "2025-12-07T04:31:50.654035", "session_id": "Unknown", "user": "faa", "action": "DATA_IMPORT", "target": "Tweets.csv", "details": {"rows": 14640, "columns": ["tweet_id", "airline_sentiment", "airline_sentiment_confidence", "negativereason", "negativereason_confidence", "airline", "airline_sentiment_gold", "name", "negativereason_gold", "retweet_count", "text", "tweet_coord", "tweet_created", "tweet_location", "user_timezone"], "size_mb": 3.2629308700561523}, "context": {"page": "fake_reviews", "user_agent": "unknown"}}
2025-12-07 04:31:50,654 - DashboardAdmin - INFO - dashboard_admin:399 - {"timestamp": "2025-12-07T04:31:50.654035", "session_id": "Unknown", "user": "faa", "action": "DATA_IMPORT", "target": "Tweets.csv", "details": {"rows": 14640, "columns": ["tweet_id", "airline_sentiment", "airline_sentiment_confidence", "negativereason", "negativereason_confidence", "airline", "airline_sentiment_gold", "name", "negativereason_gold", "retweet_count", "text", "tweet_coord", "tweet_created", "tweet_location", "user_timezone"], "size_mb": 3.2629308700561523}, "context": {"page": "fake_reviews", "user_agent": "unknown"}}
2025-12-07 04:31:50,654 - DashboardAdmin - INFO - dashboard_admin:399 - {"timestamp": "2025-12-07T04:31:50.654035", "session_id": "Unknown", "user": "faa", "action": "DATA_IMPORT", "target": "Tweets.csv", "details": {"rows": 14640, "columns": ["tweet_id", "airline_sentiment", "airline_sentiment_confidence", "negativereason", "negativereason_confidence", "airline", "airline_sentiment_gold", "name", "negativereason_gold", "retweet_count", "text", "tweet_coord", "tweet_created", "tweet_location", "user_timezone"], "size_mb": 3.2629308700561523}, "context": {"page": "fake_reviews", "user_agent": "unknown"}}
2025-12-07 04:31:50,654 - DashboardAdmin - INFO - dashboard_admin:399 - {"timestamp": "2025-12-07T04:31:50.654035", "session_id": "Unknown", "user": "faa", "action": "DATA_IMPORT", "target": "Tweets.csv", "details": {"rows": 14640, "columns": ["tweet_id", "airline_sentiment", "airline_sentiment_confidence", "negativereason", "negativereason_confidence", "airline", "airline_sentiment_gold", "name", "negativereason_gold", "retweet_count", "text", "tweet_coord", "tweet_created", "tweet_location", "user_timezone"], "size_mb": 3.2629308700561523}, "context": {"page": "fake_reviews", "user_agent": "unknown"}}
2025-12-07 04:31:50,654 - DashboardAdmin - INFO - dashboard_admin:399 - {"timestamp": "2025-12-07T04:31:50.654035", "session_id": "Unknown", "user": "faa", "action": "DATA_IMPORT", "target": "Tweets.csv", "details": {"rows": 14640, "columns": ["tweet_id", "airline_sentiment", "airline_sentiment_confidence", "negativereason", "negativereason_confidence", "airline", "airline_sentiment_gold", "name", "negativereason_gold", "retweet_count", "text", "tweet_coord", "tweet_created", "tweet_location", "user_timezone"], "size_mb": 3.2629308700561523}, "context": {"page": "fake_reviews", "user_agent": "unknown"}}
2025-12-07 04:31:58,114 - DashboardAdmin - INFO - dashboard_admin:399 - {"timestamp": "2025-12-07T04:31:58.113957", "session_id": "Unknown", "user": "faa", "action": "DATA_IMPORT", "target": "Tweets.csv", "details": {"rows": 14640, "columns": ["tweet_id", "airline_sentiment", "airline_sentiment_confidence", "negativereason", "negativereason_confidence", "airline", "airline_sentiment_gold", "name", "negativereason_gold", "retweet_count", "text", "tweet_coord", "tweet_created", "tweet_location", "user_timezone"], "size_mb": 3.2629308700561523}, "context": {"page": "fake_reviews", "user_agent": "unknown"}}
2025-12-07 04:31:58,114 - DashboardAdmin - INFO - dashboard_admin:399 - {"timestamp": "2025-12-07T04:31:58.113957", "session_id": "Unknown", "user": "faa", "action": "DATA_IMPORT", "target": "Tweets.csv", "details": {"rows": 14640, "columns": ["tweet_id", "airline_sentiment", "airline_sentiment_confidence", "negativereason", "negativereason_confidence", "airline", "airline_sentiment_gold", "name", "negativereason_gold", "retweet_count", "text", "tweet_coord", "tweet_created", "tweet_location", "user_timezone"], "size_mb": 3.2629308700561523}, "context": {"page": "fake_reviews", "user_agent": "unknown"}}
2025-12-07 04:31:58,114 - DashboardAdmin - INFO - dashboard_admin:399 - {"timestamp": "2025-12-07T04:31:58.113957", "session_id": "Unknown", "user": "faa", "action": "DATA_IMPORT", "target": "Tweets.csv", "details": {"rows": 14640, "columns": ["tweet_id", "airline_sentiment", "airline_sentiment_confidence", "negativereason", "negativereason_confidence", "airline", "airline_sentiment_gold", "name", "negativereason_gold", "retweet_count", "text", "tweet_coord", "tweet_created", "tweet_location", "user_timezone"], "size_mb": 3.2629308700561523}, "context": {"page": "fake_reviews", "user_agent": "unknown"}}
2025-12-07 04:31:58,114 - DashboardAdmin - INFO - dashboard_admin:399 - {"timestamp": "2025-12-07T04:31:58.113957", "session_id": "Unknown", "user": "faa", "action": "DATA_IMPORT", "target": "Tweets.csv", "details": {"rows": 14640, "columns": ["tweet_id", "airline_sentiment", "airline_sentiment_confidence", "negativereason", "negativereason_confidence", "airline", "airline_sentiment_gold", "name", "negativereason_gold", "retweet_count", "text", "tweet_coord", "tweet_created", "tweet_location", "user_timezone"], "size_mb": 3.2629308700561523}, "context": {"page": "fake_reviews", "user_agent": "unknown"}}
2025-12-07 04:31:58,114 - DashboardAdmin - INFO - dashboard_admin:399 - {"timestamp": "2025-12-07T04:31:58.113957", "session_id": "Unknown", "user": "faa", "action": "DATA_IMPORT", "target": "Tweets.csv", "details": {"rows": 14640, "columns": ["tweet_id", "airline_sentiment", "airline_sentiment_confidence", "negativereason", "negativereason_confidence", "airline", "airline_sentiment_gold", "name", "negativereason_gold", "retweet_count", "text", "tweet_coord", "tweet_created", "tweet_location", "user_timezone"], "size_mb": 3.2629308700561523}, "context": {"page": "fake_reviews", "user_agent": "unknown"}}
2025-12-07 04:31:58,114 - DashboardAdmin - INFO - dashboard_admin:399 - {"timestamp": "2025-12-07T04:31:58.113957", "session_id": "Unknown", "user": "faa", "action": "DATA_IMPORT", "target": "Tweets.csv", "details": {"rows": 14640, "columns": ["tweet_id", "airline_sentiment", "airline_sentiment_confidence", "negativereason", "negativereason_confidence", "airline", "airline_sentiment_gold", "name", "negativereason_gold", "retweet_count", "text", "tweet_coord", "tweet_created", "tweet_location", "user_timezone"], "size_mb": 3.2629308700561523}, "context": {"page": "fake_reviews", "user_agent": "unknown"}}
2025-12-07 04:32:20,999 - DashboardAdmin - INFO - dashboard_admin:399 - {"timestamp": "2025-12-07T04:32:20.999545", "session_id": "Unknown", "user": "faa", "action": "DATA_IMPORT", "target": "Tweets.csv", "details": {"rows": 14640, "columns": ["tweet_id", "airline_sentiment", "airline_sentiment_confidence", "negativereason", "negativereason_confidence", "airline", "airline_sentiment_gold", "name", "negativereason_gold", "retweet_count", "text", "tweet_coord", "tweet_created", "tweet_location", "user_timezone"], "size_mb": 3.2629308700561523}, "context": {"page": "fake_reviews", "user_agent": "unknown"}}
2025-12-07 04:32:20,999 - DashboardAdmin - INFO - dashboard_admin:399 - {"timestamp": "2025-12-07T04:32:20.999545", "session_id": "Unknown", "user": "faa", "action": "DATA_IMPORT", "target": "Tweets.csv", "details": {"rows": 14640, "columns": ["tweet_id", "airline_sentiment", "airline_sentiment_confidence", "negativereason", "negativereason_confidence", "airline", "airline_sentiment_gold", "name", "negativereason_gold", "retweet_count", "text", "tweet_coord", "tweet_created", "tweet_location", "user_timezone"], "size_mb": 3.2629308700561523}, "context": {"page": "fake_reviews", "user_agent": "unknown"}}
2025-12-07 04:32:20,999 - DashboardAdmin - INFO - dashboard_admin:399 - {"timestamp": "2025-12-07T04:32:20.999545", "session_id": "Unknown", "user": "faa", "action": "DATA_IMPORT", "target": "Tweets.csv", "details": {"rows": 14640, "columns": ["tweet_id", "airline_sentiment", "airline_sentiment_confidence", "negativereason", "negativereason_confidence", "airline", "airline_sentiment_gold", "name", "negativereason_gold", "retweet_count", "text", "tweet_coord", "tweet_created", "tweet_location", "user_timezone"], "size_mb": 3.2629308700561523}, "context": {"page": "fake_reviews", "user_agent": "unknown"}}
2025-12-07 04:32:20,999 - DashboardAdmin - INFO - dashboard_admin:399 - {"timestamp": "2025-12-07T04:32:20.999545", "session_id": "Unknown", "user": "faa", "action": "DATA_IMPORT", "target": "Tweets.csv", "details": {"rows": 14640, "columns": ["tweet_id", "airline_sentiment", "airline_sentiment_confidence", "negativereason", "negativereason_confidence", "airline", "airline_sentiment_gold", "name", "negativereason_gold", "retweet_count", "text", "tweet_coord", "tweet_created", "tweet_location", "user_timezone"], "size_mb": 3.2629308700561523}, "context": {"page": "fake_reviews", "user_agent": "unknown"}}
2025-12-07 04:32:20,999 - DashboardAdmin - INFO - dashboard_admin:399 - {"timestamp": "2025-12-07T04:32:20.999545", "session_id": "Unknown", "user": "faa", "action": "DATA_IMPORT", "target": "Tweets.csv", "details": {"rows": 14640, "columns": ["tweet_id", "airline_sentiment", "airline_sentiment_confidence", "negativereason", "negativereason_confidence", "airline", "airline_sentiment_gold", "name", "negativereason_gold", "retweet_count", "text", "tweet_coord", "tweet_created", "tweet_location", "user_timezone"], "size_mb": 3.2629308700561523}, "context": {"page": "fake_reviews", "user_agent": "unknown"}}
2025-12-07 04:32:20,999 - DashboardAdmin - INFO - dashboard_admin:399 - {"timestamp": "2025-12-07T04:32:20.999545", "session_id": "Unknown", "user": "faa", "action": "DATA_IMPORT", "target": "Tweets.csv", "details": {"rows": 14640, "columns": ["tweet_id", "airline_sentiment", "airline_sentiment_confidence", "negativereason", "negativereason_confidence", "airline", "airline_sentiment_gold", "name", "negativereason_gold", "retweet_count", "text", "tweet_coord", "tweet_created", "tweet_location", "user_timezone"], "size_mb": 3.2629308700561523}, "context": {"page": "fake_reviews", "user_agent": "unknown"}}
2025-12-07 04:32:28,288 - DashboardAdmin - INFO - dashboard_admin:399 - {"timestamp": "2025-12-07T04:32:28.287998", "session_id": "Unknown", "user": "faa", "action": "DATA_IMPORT", "target": "Tweets.csv", "details": {"rows": 14640, "columns": ["tweet_id", "airline_sentiment", "airline_sentiment_confidence", "negativereason", "negativereason_confidence", "airline", "airline_sentiment_gold", "name", "negativereason_gold", "retweet_count", "text", "tweet_coord", "tweet_created", "tweet_location", "user_timezone"], "size_mb": 3.2629308700561523}, "context": {"page": "users", "user_agent": "unknown"}}
2025-12-07 04:32:28,288 - DashboardAdmin - INFO - dashboard_admin:399 - {"timestamp": "2025-12-07T04:32:28.287998", "session_id": "Unknown", "user": "faa", "action": "DATA_IMPORT", "target": "Tweets.csv", "details": {"rows": 14640, "columns": ["tweet_id", "airline_sentiment", "airline_sentiment_confidence", "negativereason", "negativereason_confidence", "airline", "airline_sentiment_gold", "name", "negativereason_gold", "retweet_count", "text", "tweet_coord", "tweet_created", "tweet_location", "user_timezone"], "size_mb": 3.2629308700561523}, "context": {"page": "users", "user_agent": "unknown"}}
2025-12-07 04:32:28,288 - DashboardAdmin - INFO - dashboard_admin:399 - {"timestamp": "2025-12-07T04:32:28.287998", "session_id": "Unknown", "user": "faa", "action": "DATA_IMPORT", "target": "Tweets.csv", "details": {"rows": 14640, "columns": ["tweet_id", "airline_sentiment", "airline_sentiment_confidence", "negativereason", "negativereason_confidence", "airline", "airline_sentiment_gold", "name", "negativereason_gold", "retweet_count", "text", "tweet_coord", "tweet_created", "tweet_location", "user_timezone"], "size_mb": 3.2629308700561523}, "context": {"page": "users", "user_agent": "unknown"}}
2025-12-07 04:32:28,288 - DashboardAdmin - INFO - dashboard_admin:399 - {"timestamp": "2025-12-07T04:32:28.287998", "session_id": "Unknown", "user": "faa", "action": "DATA_IMPORT", "target": "Tweets.csv", "details": {"rows": 14640, "columns": ["tweet_id", "airline_sentiment", "airline_sentiment_confidence", "negativereason", "negativereason_confidence", "airline", "airline_sentiment_gold", "name", "negativereason_gold", "retweet_count", "text", "tweet_coord", "tweet_created", "tweet_location", "user_timezone"], "size_mb": 3.2629308700561523}, "context": {"page": "users", "user_agent": "unknown"}}
2025-12-07 04:32:28,288 - DashboardAdmin - INFO - dashboard_admin:399 - {"timestamp": "2025-12-07T04:32:28.287998", "session_id": "Unknown", "user": "faa", "action": "DATA_IMPORT", "target": "Tweets.csv", "details": {"rows": 14640, "columns": ["tweet_id", "airline_sentiment", "airline_sentiment_confidence", "negativereason", "negativereason_confidence", "airline", "airline_sentiment_gold", "name", "negativereason_gold", "retweet_count", "text", "tweet_coord", "tweet_created", "tweet_location", "user_timezone"], "size_mb": 3.2629308700561523}, "context": {"page": "users", "user_agent": "unknown"}}
2025-12-07 04:32:28,288 - DashboardAdmin - INFO - dashboard_admin:399 - {"timestamp": "2025-12-07T04:32:28.287998", "session_id": "Unknown", "user": "faa", "action": "DATA_IMPORT", "target": "Tweets.csv", "details": {"rows": 14640, "columns": ["tweet_id", "airline_sentiment", "airline_sentiment_confidence", "negativereason", "negativereason_confidence", "airline", "airline_sentiment_gold", "name", "negativereason_gold", "retweet_count", "text", "tweet_coord", "tweet_created", "tweet_location", "user_timezone"], "size_mb": 3.2629308700561523}, "context": {"page": "users", "user_agent": "unknown"}}
2025-12-07 13:01:41,353 - DashboardAdmin - INFO - dashboard_admin:399 - {"timestamp": "2025-12-07T13:01:41.353034", "session_id": "Unknown", "user": "faa", "action": "LOGOUT", "target": "system", "details": {}, "context": {"page": "dashboard", "user_agent": "unknown"}}
2025-12-07 13:09:43,398 - DashboardAdmin - INFO - dashboard_admin:399 - {"timestamp": "2025-12-07T13:09:43.398392", "session_id": "Unknown", "user": "faa", "action": "DATA_IMPORT", "target": "youtubeSpamCollection.csv", "details": {"rows": 1956, "columns": ["COMMENT_ID", "AUTHOR", "DATE", "CONTENT", "CLASS"], "size_mb": 0.32763195037841797}, "context": {"page": "fake_reviews", "user_agent": "unknown"}}
2025-12-07 13:09:47,157 - DashboardAdmin - INFO - dashboard_admin:399 - {"timestamp": "2025-12-07T13:09:47.157004", "session_id": "Unknown", "user": "faa", "action": "DATA_IMPORT", "target": "youtubeSpamCollection.csv", "details": {"rows": 1956, "columns": ["COMMENT_ID", "AUTHOR", "DATE", "CONTENT", "CLASS"], "size_mb": 0.32763195037841797}, "context": {"page": "fake_reviews", "user_agent": "unknown"}}
2025-12-07 13:09:56,615 - DashboardAdmin - INFO - dashboard_admin:399 - {"timestamp": "2025-12-07T13:09:56.615225", "session_id": "Unknown", "user": "faa", "action": "DATA_IMPORT", "target": "youtubeSpamCollection.csv", "details": {"rows": 1956, "columns": ["COMMENT_ID", "AUTHOR", "DATE", "CONTENT", "CLASS"], "size_mb": 0.32763195037841797}, "context": {"page": "users", "user_agent": "unknown"}}
2025-12-07 13:10:18,138 - DashboardAdmin - INFO - dashboard_admin:399 - {"timestamp": "2025-12-07T13:10:18.138006", "session_id": "Unknown", "user": "faa", "action": "DATA_IMPORT", "target": "youtubeSpamCollection.csv", "details": {"rows": 1956, "columns": ["COMMENT_ID", "AUTHOR", "DATE", "CONTENT", "CLASS"], "size_mb": 0.32763195037841797}, "context": {"page": "identification", "user_agent": "unknown"}}
2025-12-07 13:12:31,309 - DashboardAdmin - INFO - dashboard_admin:399 - {"timestamp": "2025-12-07T13:12:31.309710", "session_id": "Unknown", "user": "faa", "action": "DATA_IMPORT", "target": "youtubeSpamCollection.csv", "details": {"rows": 1956, "columns": ["COMMENT_ID", "AUTHOR", "DATE", "CONTENT", "CLASS"], "size_mb": 0.32763195037841797}, "context": {"page": "identification", "user_agent": "unknown"}}
2025-12-07 13:12:38,498 - DashboardAdmin - INFO - dashboard_admin:399 - {"timestamp": "2025-12-07T13:12:38.498614", "session_id": "Unknown", "user": "faa", "action": "DATA_IMPORT", "target": "youtubeSpamCollection.csv", "details": {"rows": 1956, "columns": ["COMMENT_ID", "AUTHOR", "DATE", "CONTENT", "CLASS"], "size_mb": 0.32763195037841797}, "context": {"page": "identification", "user_agent": "unknown"}}
2025-12-07 13:12:43,160 - DashboardAdmin - INFO - dashboard_admin:399 - {"timestamp": "2025-12-07T13:12:43.160801", "session_id": "Unknown", "user": "faa", "action": "DATA_IMPORT", "target": "youtubeSpamCollection.csv", "details": {"rows": 1956, "columns": ["COMMENT_ID", "AUTHOR", "DATE", "CONTENT", "CLASS"], "size_mb": 0.32763195037841797}, "context": {"page": "identification", "user_agent": "unknown"}}
2025-12-07 13:12:49,134 - DashboardAdmin - INFO - dashboard_admin:399 - {"timestamp": "2025-12-07T13:12:49.134489", "session_id": "Unknown", "user": "faa", "action": "DATA_IMPORT", "target": "youtubeSpamCollection.csv", "details": {"rows": 1956, "columns": ["COMMENT_ID", "AUTHOR", "DATE", "CONTENT", "CLASS"], "size_mb": 0.32763195037841797}, "context": {"page": "identification", "user_agent": "unknown"}}
2025-12-07 13:12:52,498 - DashboardAdmin - INFO - dashboard_admin:399 - {"timestamp": "2025-12-07T13:12:52.498422", "session_id": "Unknown", "user": "faa", "action": "DATA_IMPORT", "target": "youtubeSpamCollection.csv", "details": {"rows": 1956, "columns": ["COMMENT_ID", "AUTHOR", "DATE", "CONTENT", "CLASS"], "size_mb": 0.32763195037841797}, "context": {"page": "identification", "user_agent": "unknown"}}
2025-12-07 13:12:54,261 - DashboardAdmin - INFO - dashboard_admin:399 - {"timestamp": "2025-12-07T13:12:54.261174", "session_id": "Unknown", "user": "faa", "action": "DATA_IMPORT", "target": "youtubeSpamCollection.csv", "details": {"rows": 1956, "columns": ["COMMENT_ID", "AUTHOR", "DATE", "CONTENT", "CLASS"], "size_mb": 0.32763195037841797}, "context": {"page": "identification", "user_agent": "unknown"}}
2025-12-07 13:14:44,268 - DashboardAdmin - INFO - dashboard_admin:399 - {"timestamp": "2025-12-07T13:14:44.268135", "session_id": "Unknown", "user": "faa", "action": "DATA_IMPORT", "target": "youtubeSpamCollection.csv", "details": {"rows": 1956, "columns": ["COMMENT_ID", "AUTHOR", "DATE", "CONTENT", "CLASS"], "size_mb": 0.32763195037841797}, "context": {"page": "identification", "user_agent": "unknown"}}
2025-12-07 13:14:44,308 - DashboardAdmin - INFO - dashboard_admin:399 - {"timestamp": "2025-12-07T13:14:44.307933", "session_id": "Unknown", "user": "faa", "action": "LOGOUT", "target": "system", "details": {}, "context": {"page": "identification", "user_agent": "unknown"}}
